<?xml version="1.0" encoding="UTF-8"?>
<testng-results ignored="0" total="1" passed="1" failed="0" skipped="0">
  <reporter-output>
  </reporter-output>
  <suite started-at="2025-06-23T13:38:57 IST" name="Default suite" finished-at="2025-06-23T13:39:00 IST" duration-ms="3073">
    <groups>
    </groups>
    <test started-at="2025-06-23T13:38:57 IST" name="Default test" finished-at="2025-06-23T13:39:00 IST" duration-ms="3073">
      <class name="com.sauce.testsuites.tc001">
        <test-method is-config="true" signature="setup()[pri:0, instance:com.sauce.testsuites.tc001@662ac478]" started-at="2025-06-23T13:38:57 IST" name="setup" finished-at="2025-06-23T13:38:59 IST" duration-ms="2516" status="PASS">
          <reporter-output>
          </reporter-output>
        </test-method> <!-- setup -->
        <test-method signature="tc01()[pri:0, instance:com.sauce.testsuites.tc001@662ac478]" started-at="2025-06-23T13:38:59 IST" name="tc01" finished-at="2025-06-23T13:39:00 IST" duration-ms="507" status="PASS">
          <reporter-output>
          </reporter-output>
        </test-method> <!-- tc01 -->
        <test-method is-config="true" signature="tearDown()[pri:0, instance:com.sauce.testsuites.tc001@662ac478]" started-at="2025-06-23T13:39:00 IST" name="tearDown" finished-at="2025-06-23T13:39:00 IST" duration-ms="1" status="PASS">
          <reporter-output>
          </reporter-output>
        </test-method> <!-- tearDown -->
      </class> <!-- com.sauce.testsuites.tc001 -->
    </test> <!-- Default test -->
  </suite> <!-- Default suite -->
</testng-results>
