<?xml version="1.0" encoding="UTF-8"?>
<testng-results ignored="0" total="1" passed="1" failed="0" skipped="0">
  <reporter-output>
  </reporter-output>
  <suite started-at="2025-06-23T12:55:33 IST" name="Default suite" finished-at="2025-06-23T12:55:33 IST" duration-ms="193">
    <groups>
    </groups>
    <test started-at="2025-06-23T12:55:33 IST" name="Default test" finished-at="2025-06-23T12:55:33 IST" duration-ms="193">
      <class name="com.sauce.testsuites.tc001">
        <test-method is-config="true" signature="setup()[pri:0, instance:com.sauce.testsuites.tc001@385c9627]" started-at="2025-06-23T12:55:33 IST" name="setup" finished-at="2025-06-23T12:55:33 IST" duration-ms="17" status="PASS">
          <reporter-output>
          </reporter-output>
        </test-method> <!-- setup -->
        <test-method signature="tc01()[pri:0, instance:com.sauce.testsuites.tc001@385c9627]" started-at="2025-06-23T12:55:33 IST" name="tc01" finished-at="2025-06-23T12:55:33 IST" duration-ms="101" status="PASS">
          <reporter-output>
          </reporter-output>
        </test-method> <!-- tc01 -->
        <test-method is-config="true" signature="tearDown()[pri:0, instance:com.sauce.testsuites.tc001@385c9627]" started-at="2025-06-23T12:55:33 IST" name="tearDown" finished-at="2025-06-23T12:55:33 IST" duration-ms="0" status="PASS">
          <reporter-output>
          </reporter-output>
        </test-method> <!-- tearDown -->
      </class> <!-- com.sauce.testsuites.tc001 -->
    </test> <!-- Default test -->
  </suite> <!-- Default suite -->
</testng-results>
